🩺 checking the health of your Storybook..
(node:55582) [DEP0040] DeprecationWarning: The `punycode` module is deprecated. Please use a userland alternative instead.
(Use `node --trace-deprecation ...` to show where the warning was created)

╭ Diagnostics ──────────────────────────────────────────────────────────────────────────────────────────────────────────────────────────────────────────────────────────────────────────────────╮
│                                                                                                                                                                                               │
│   Attention: We've detected that you're using the following addons in versions which are known to be incompatible with Storybook 7:                                                           │
│                                                                                                                                                                                               │
│   - @storybook/addon-postcss@2.0.0                                                                                                                                                            │
│                                                                                                                                                                                               │
│   Please be aware they might not work in Storybook 7. Reach out to their maintainers for updates and check the following Github issue for more information:                                   │
│   https://github.com/storybookjs/storybook/issues/20529                                                                                                                                       │
│                                                                                                                                                                                               │
│   -------                                                                                                                                                                                     │
│                                                                                                                                                                                               │
│   Attention: There seems to be a mismatch between your Storybook package versions. This can result in a broken Storybook installation.                                                        │
│                                                                                                                                                                                               │
│   The version of your storybook core packages should align with 8.0.0-beta.3 (from the @storybook/react-vite package) or higher.                                                              │
│                                                                                                                                                                                               │
│   Based on your lockfile, these dependencies should be upgraded:                                                                                                                              │
│                                                                                                                                                                                               │
│   storybook: 7.6.16 (in your package.json)                                                                                                                                                    │
│   @storybook/builder-manager: 7.6.16                                                                                                                                                          │
│   @storybook/channels: 7.6.16                                                                                                                                                                 │
│   @storybook/cli: 7.6.16                                                                                                                                                                      │
│   @storybook/client-logger: 7.6.16                                                                                                                                                            │
│   @storybook/codemod: 7.6.16                                                                                                                                                                  │
│   @storybook/core-common: 7.6.16                                                                                                                                                              │
│   @storybook/core-events: 7.6.16                                                                                                                                                              │
│   @storybook/core-server: 7.6.16                                                                                                                                                              │
│   @storybook/csf-tools: 7.6.16                                                                                                                                                                │
│   @storybook/manager: 7.6.16                                                                                                                                                                  │
│   @storybook/node-logger: 6.5.16                                                                                                                                                              │
│   @storybook/preview-api: 7.6.16                                                                                                                                                              │
│   @storybook/telemetry: 7.6.16                                                                                                                                                                │
│   @storybook/types: 7.6.16                                                                                                                                                                    │
│                                                                                                                                                                                               │
│   You can run npx storybook@latest upgrade to upgrade all of your Storybook packages to the latest version.                                                                                   │
│                                                                                                                                                                                               │
│   Alternatively you can try manually changing the versions to match in your package.json. We also recommend regenerating your lockfile, or running the following command to possibly          │
│   deduplicate your Storybook package versions: yarn dedupe                                                                                                                                    │
│                                                                                                                                                                                               │
│   -------                                                                                                                                                                                     │
│                                                                                                                                                                                               │
│   You can find the full logs in /Users/vladislavkolos/Desktop/datepicker-library/doctor-storybook.log                                                                                         │
│                                                                                                                                                                                               │
╰───────────────────────────────────────────────────────────────────────────────────────────────────────────────────────────────────────────────────────────────────────────────────────────────╯

